Loading checkpoint from outputs/spark/best.pt...
  Method: spark  epoch: 124  device: cuda
Loading PadChest rare disease splits...
  Images on disk: 58337
  Found 77 unique labels across 1164 patients
  Label counts (train / val):
    abnormal foreign body                     train=   4  val=   0
    adenopathy                                train=   8  val=   1
    air bronchogram                           train=   0  val=   1
    alveolar pattern                          train=  14  val=   7
    atypical pneumonia                        train=   2  val=   2
    azygoesophageal recess shift              train=   1  val=   0
    bone metastasis                           train=   3  val=   0
    bronchiectasis                            train=  40  val=  10
    bullas                                    train=   1  val=   0
    calcified adenopathy                      train=  13  val=   4
    calcified fibroadenoma                    train=   0  val=   1
    calcified granuloma                       train=  96  val=  27
    calcified mediastinal adenopathy          train=   1  val=   0
    calcified pleural plaques                 train=   2  val=   0
    calcified pleural thickening              train=   7  val=   1
    callus rib fracture                       train=  88  val=  21
    catheter                                  train=   0  val=   1
    cavitation                                train=   4  val=   1
    central vascular redistribution           train=   1  val=   2
    cervical rib                              train=  12  val=   0
    clavicle fracture                         train=  15  val=   3
    consolidation                             train=  27  val=   7
    costochondral junction hypertrophy        train=   6  val=   1
    cyst                                      train=   1  val=   0
    dextrocardia                              train=   1  val=   0
    double j stent                            train=   2  val=   0
    external foreign body                     train=   1  val=   0
    fibrotic band                             train=  38  val=  11
    flattened diaphragm                       train=   1  val=   1
    goiter                                    train=  15  val=   5
    granuloma                                 train=  28  val=  10
    ground glass pattern                      train=   7  val=   0
    gynecomastia                              train=  10  val=   2
    heart insufficiency                       train=  13  val=   1
    hemidiaphragm elevation                   train=  81  val=  23
    hiatal hernia                             train=  81  val=  20
    hilar congestion                          train=   2  val=   1
    humeral fracture                          train=   0  val=   2
    hydropneumothorax                         train=   1  val=   0
    hypoexpansion basal                       train=   5  val=   2
    interstitial pattern                      train=  93  val=  18
    lobar atelectasis                         train=   3  val=   1
    major fissure thickening                  train=   1  val=   0
    mediastinal enlargement                   train=   8  val=   1
    mediastinal mass                          train=   4  val=   0
    mediastinic lipomatosis                   train=  18  val=   4
    miliary opacities                         train=   4  val=   4
    minor fissure thickening                  train=   7  val=   0
    multiple nodules                          train=   1  val=   1
    obesity                                   train=   1  val=   0
    osteopenia                                train=   1  val=   1
    pectum carinatum                          train=   7  val=   2
    pleural plaques                           train=   1  val=   0
    pleural thickening                        train=  11  val=   0
    pneumoperitoneo                           train=   1  val=   0
    pneumothorax                              train=  10  val=   7
    prosthesis                                train=   1  val=   0
    pulmonary artery enlargement              train=   9  val=   1
    pulmonary edema                           train=  12  val=   2
    pulmonary fibrosis                        train=  24  val=   4
    pulmonary hypertension                    train=   1  val=   0
    pulmonary mass                            train=  30  val=  11
    respiratory distress                      train=   2  val=   1
    reticular interstitial pattern            train=  32  val=   8
    reticulonodular interstitial pattern      train=   9  val=   0
    rib fracture                              train=  24  val=   6
    segmental atelectasis                     train=   1  val=   0
    soft tissue mass                          train=   2  val=   1
    subacromial space narrowing               train=   0  val=   1
    subcutaneous emphysema                    train=   3  val=   0
    superior mediastinal enlargement          train=   6  val=   4
    thoracic cage deformation                 train=  12  val=   2
    tracheal shift                            train=   6  val=   1
    tuberculosis                              train=   7  val=   1
    tuberculosis sequelae                     train=   6  val=   1
    vascular redistribution                   train=   1  val=   0
    vertebral fracture                        train=   1  val=   1
Rare disease classes (13): ['bronchiectasis', 'calcified granuloma', 'callus rib fracture', 'consolidation', 'fibrotic band', 'granuloma', 'hemidiaphragm elevation', 'hiatal hernia', 'interstitial pattern', 'pulmonary fibrosis', 'pulmonary mass', 'reticular interstitial pattern', 'rib fracture']
Loading negative pool...
  Negative pool: 5000 train  2000 val

────────────────────────────────────────────────────────────
Init: SSL pretrained
────────────────────────────────────────────────────────────

  Disease                                       all-shot AUC      1-shot AUC      5-shot AUC     10-shot AUC     20-shot AUC     50-shot AUC
  bronchiectasis                              0.634±0.100        0.576±0.078        0.635±0.151        0.633±0.181        0.652±0.114        0.547±0.116      
  calcified granuloma                         0.449±0.059        0.522±0.041        0.477±0.052        0.467±0.089        0.485±0.070        0.456±0.058      
  callus rib fracture                         0.541±0.043        0.472±0.075        0.514±0.114        0.530±0.099        0.531±0.061        0.533±0.068      
  consolidation                               0.794±0.116        0.588±0.114        0.637±0.143        0.629±0.082        0.657±0.109        0.765±0.056      
  fibrotic band                               0.493±0.088        0.498±0.098        0.521±0.091        0.445±0.095        0.495±0.098        0.457±0.100      
  granuloma                                   0.705±0.099        0.493±0.092        0.571±0.152        0.575±0.171        0.628±0.089        0.640±0.084      
  hemidiaphragm elevation                     0.868±0.033        0.591±0.190        0.776±0.056        0.793±0.088        0.792±0.038        0.834±0.051      
  hiatal hernia                               0.879±0.031        0.598±0.204        0.766±0.188        0.797±0.076        0.823±0.049        0.855±0.053      
  interstitial pattern                        0.741±0.055        0.466±0.133        0.605±0.133        0.614±0.111        0.593±0.087        0.634±0.086      
  pulmonary fibrosis                          0.956±0.074        0.675±0.310        0.956±0.069        0.975±0.041        0.975±0.075        0.963±0.064      
  pulmonary mass                              0.680±0.116        0.468±0.088        0.569±0.157        0.537±0.053        0.632±0.080        0.562±0.120      
  reticular interstitial pattern              0.519±0.099        0.447±0.150        0.528±0.160        0.463±0.151        0.536±0.155        0.609±0.114      
  rib fracture                                0.664±0.129        0.539±0.154        0.650±0.103        0.625±0.123        0.694±0.067        0.681±0.153      

────────────────────────────────────────────────────────────
Init: ImageNet
────────────────────────────────────────────────────────────

  Disease                                       all-shot AUC      1-shot AUC      5-shot AUC     10-shot AUC     20-shot AUC     50-shot AUC
  bronchiectasis                              0.569±0.094        0.570±0.123        0.487±0.157        0.532±0.165        0.556±0.101        0.515±0.090      
  calcified granuloma                         0.500±0.054        0.520±0.033        0.475±0.066        0.470±0.065        0.511±0.057        0.526±0.075      
  callus rib fracture                         0.571±0.049        0.475±0.068        0.473±0.079        0.511±0.084        0.514±0.083        0.548±0.061      
  consolidation                               0.592±0.139        0.506±0.117        0.516±0.082        0.506±0.093        0.590±0.160        0.594±0.160      
  fibrotic band                               0.568±0.095        0.512±0.114        0.540±0.080        0.498±0.078        0.584±0.112        0.570±0.147      
  granuloma                                   0.720±0.087        0.553±0.120        0.562±0.134        0.615±0.141        0.688±0.088        0.701±0.072      
  hemidiaphragm elevation                     0.812±0.061        0.573±0.100        0.685±0.096        0.689±0.100        0.748±0.055        0.801±0.061      
  hiatal hernia                               0.904±0.039        0.591±0.233        0.809±0.111        0.798±0.073        0.839±0.050        0.863±0.031      
  interstitial pattern                        0.743±0.063        0.494±0.083        0.554±0.138        0.542±0.110        0.592±0.111        0.669±0.057      
  pulmonary fibrosis                          0.944±0.149        0.713±0.175        0.738±0.248        0.950±0.078        0.981±0.040        0.919±0.093      
  pulmonary mass                              0.645±0.121        0.502±0.095        0.532±0.072        0.549±0.099        0.574±0.129        0.593±0.105      
  reticular interstitial pattern              0.527±0.114        0.516±0.164        0.562±0.103        0.517±0.166        0.539±0.123        0.619±0.081      
  rib fracture                                0.400±0.107        0.494±0.138        0.531±0.178        0.553±0.145        0.489±0.091        0.494±0.111      

────────────────────────────────────────────────────────────
Init: Random init
────────────────────────────────────────────────────────────

  Disease                                       all-shot AUC      1-shot AUC      5-shot AUC     10-shot AUC     20-shot AUC     50-shot AUC
  bronchiectasis                              0.482±0.060        0.485±0.144        0.507±0.084        0.532±0.126        0.507±0.086        0.497±0.093      
  calcified granuloma                         0.540±0.021        0.477±0.053        0.510±0.028        0.533±0.052        0.519±0.064        0.534±0.029      
  callus rib fracture                         0.489±0.072        0.500±0.109        0.491±0.085        0.524±0.067        0.466±0.101        0.534±0.122      
  consolidation                               0.537±0.072        0.449±0.102        0.508±0.125        0.561±0.073        0.486±0.095        0.537±0.081      
  fibrotic band                               0.605±0.080        0.429±0.168        0.503±0.108        0.526±0.100        0.553±0.110        0.522±0.144      
  granuloma                                   0.679±0.139        0.480±0.096        0.462±0.157        0.544±0.169        0.577±0.118        0.562±0.152      
  hemidiaphragm elevation                     0.682±0.053        0.492±0.082        0.552±0.089        0.574±0.047        0.591±0.083        0.651±0.061      
  hiatal hernia                               0.717±0.048        0.505±0.127        0.588±0.086        0.645±0.072        0.639±0.102        0.696±0.068      
  interstitial pattern                        0.492±0.037        0.459±0.093        0.516±0.093        0.471±0.070        0.461±0.074        0.485±0.082      
  pulmonary fibrosis                          0.581±0.183        0.456±0.207        0.575±0.172        0.531±0.135        0.694±0.272        0.606±0.115      
  pulmonary mass                              0.470±0.095        0.433±0.117        0.497±0.115        0.498±0.063        0.500±0.101        0.515±0.095      
  reticular interstitial pattern              0.527±0.118        0.445±0.130        0.517±0.121        0.558±0.146        0.569±0.148        0.517±0.087      
  rib fracture                                0.586±0.126        0.469±0.199        0.578±0.189        0.589±0.123        0.722±0.112        0.608±0.142      

Significance tests — probe (paired t-test on AUC, 10 trials)
  all-shot  SSL vs ImageNet       : t=+1.22  p=0.247  ns
    1-shot  SSL vs ImageNet       : t=-0.57  p=0.579  ns
    5-shot  SSL vs ImageNet       : t=+2.63  p=0.022  *
   10-shot  SSL vs ImageNet       : t=+1.58  p=0.139  ns
   20-shot  SSL vs ImageNet       : t=+1.06  p=0.308  ns
   50-shot  SSL vs ImageNet       : t=+0.39  p=0.706  ns
  all-shot  SSL vs Random init    : t=+2.98  p=0.011  *
    1-shot  SSL vs Random init    : t=+3.61  p=0.004  **
    5-shot  SSL vs Random init    : t=+3.58  p=0.004  **
   10-shot  SSL vs Random init    : t=+1.91  p=0.080  ns
   20-shot  SSL vs Random init    : t=+3.12  p=0.009  **
   50-shot  SSL vs Random init    : t=+2.95  p=0.012  *

Saved plot to spark_ep124_probe_binary.png
