Loading checkpoint from outputs/moco/best.pt...
  Method: moco  epoch: 699  device: cuda
Loading PadChest rare disease splits...
  Images on disk: 58337
  Found 77 unique labels across 1164 patients
  Label counts (train / val):
    abnormal foreign body                     train=   4  val=   0
    adenopathy                                train=   8  val=   1
    air bronchogram                           train=   0  val=   1
    alveolar pattern                          train=  14  val=   7
    atypical pneumonia                        train=   2  val=   2
    azygoesophageal recess shift              train=   1  val=   0
    bone metastasis                           train=   3  val=   0
    bronchiectasis                            train=  40  val=  10
    bullas                                    train=   1  val=   0
    calcified adenopathy                      train=  13  val=   4
    calcified fibroadenoma                    train=   0  val=   1
    calcified granuloma                       train=  96  val=  27
    calcified mediastinal adenopathy          train=   1  val=   0
    calcified pleural plaques                 train=   2  val=   0
    calcified pleural thickening              train=   7  val=   1
    callus rib fracture                       train=  88  val=  21
    catheter                                  train=   0  val=   1
    cavitation                                train=   4  val=   1
    central vascular redistribution           train=   1  val=   2
    cervical rib                              train=  12  val=   0
    clavicle fracture                         train=  15  val=   3
    consolidation                             train=  27  val=   7
    costochondral junction hypertrophy        train=   6  val=   1
    cyst                                      train=   1  val=   0
    dextrocardia                              train=   1  val=   0
    double j stent                            train=   2  val=   0
    external foreign body                     train=   1  val=   0
    fibrotic band                             train=  38  val=  11
    flattened diaphragm                       train=   1  val=   1
    goiter                                    train=  15  val=   5
    granuloma                                 train=  28  val=  10
    ground glass pattern                      train=   7  val=   0
    gynecomastia                              train=  10  val=   2
    heart insufficiency                       train=  13  val=   1
    hemidiaphragm elevation                   train=  81  val=  23
    hiatal hernia                             train=  81  val=  20
    hilar congestion                          train=   2  val=   1
    humeral fracture                          train=   0  val=   2
    hydropneumothorax                         train=   1  val=   0
    hypoexpansion basal                       train=   5  val=   2
    interstitial pattern                      train=  93  val=  18
    lobar atelectasis                         train=   3  val=   1
    major fissure thickening                  train=   1  val=   0
    mediastinal enlargement                   train=   8  val=   1
    mediastinal mass                          train=   4  val=   0
    mediastinic lipomatosis                   train=  18  val=   4
    miliary opacities                         train=   4  val=   4
    minor fissure thickening                  train=   7  val=   0
    multiple nodules                          train=   1  val=   1
    obesity                                   train=   1  val=   0
    osteopenia                                train=   1  val=   1
    pectum carinatum                          train=   7  val=   2
    pleural plaques                           train=   1  val=   0
    pleural thickening                        train=  11  val=   0
    pneumoperitoneo                           train=   1  val=   0
    pneumothorax                              train=  10  val=   7
    prosthesis                                train=   1  val=   0
    pulmonary artery enlargement              train=   9  val=   1
    pulmonary edema                           train=  12  val=   2
    pulmonary fibrosis                        train=  24  val=   4
    pulmonary hypertension                    train=   1  val=   0
    pulmonary mass                            train=  30  val=  11
    respiratory distress                      train=   2  val=   1
    reticular interstitial pattern            train=  32  val=   8
    reticulonodular interstitial pattern      train=   9  val=   0
    rib fracture                              train=  24  val=   6
    segmental atelectasis                     train=   1  val=   0
    soft tissue mass                          train=   2  val=   1
    subacromial space narrowing               train=   0  val=   1
    subcutaneous emphysema                    train=   3  val=   0
    superior mediastinal enlargement          train=   6  val=   4
    thoracic cage deformation                 train=  12  val=   2
    tracheal shift                            train=   6  val=   1
    tuberculosis                              train=   7  val=   1
    tuberculosis sequelae                     train=   6  val=   1
    vascular redistribution                   train=   1  val=   0
    vertebral fracture                        train=   1  val=   1
Rare disease classes (13): ['bronchiectasis', 'calcified granuloma', 'callus rib fracture', 'consolidation', 'fibrotic band', 'granuloma', 'hemidiaphragm elevation', 'hiatal hernia', 'interstitial pattern', 'pulmonary fibrosis', 'pulmonary mass', 'reticular interstitial pattern', 'rib fracture']
Loading negative pool...
  Negative pool: 5000 train  2000 val

────────────────────────────────────────────────────────────
Init: SSL pretrained
────────────────────────────────────────────────────────────

  Disease                                       all-shot AUC      1-shot AUC      5-shot AUC     10-shot AUC     20-shot AUC     50-shot AUC
  bronchiectasis                              0.671±0.106        0.504±0.154        0.576±0.125        0.549±0.132        0.668±0.096        0.668±0.143      
  calcified granuloma                         0.504±0.076        0.533±0.057        0.497±0.049        0.489±0.072        0.522±0.061        0.509±0.061      
  callus rib fracture                         0.578±0.051        0.482±0.051        0.547±0.072        0.562±0.045        0.573±0.071        0.559±0.040      
  consolidation                               0.796±0.112        0.539±0.170        0.571±0.115        0.682±0.086        0.686±0.145        0.835±0.117      
  fibrotic band                               0.583±0.094        0.545±0.112        0.598±0.125        0.464±0.108        0.579±0.088        0.551±0.111      
  granuloma                                   0.647±0.115        0.461±0.148        0.525±0.143        0.568±0.177        0.621±0.108        0.630±0.128      
  hemidiaphragm elevation                     0.837±0.040        0.626±0.066        0.712±0.087        0.734±0.071        0.782±0.054        0.782±0.056      
  hiatal hernia                               0.928±0.039        0.706±0.202        0.847±0.067        0.829±0.055        0.880±0.056        0.915±0.031      
  interstitial pattern                        0.775±0.086        0.502±0.128        0.635±0.135        0.626±0.139        0.619±0.095        0.700±0.095      
  pulmonary fibrosis                          0.956±0.074        0.863±0.158        0.912±0.098        0.988±0.037        0.981±0.029        0.988±0.025      
  pulmonary mass                              0.705±0.068        0.488±0.119        0.559±0.113        0.629±0.123        0.686±0.078        0.690±0.123      
  reticular interstitial pattern              0.739±0.137        0.505±0.122        0.597±0.128        0.614±0.200        0.678±0.118        0.764±0.099      
  rib fracture                                0.742±0.173        0.511±0.064        0.581±0.114        0.644±0.155        0.772±0.137        0.775±0.158      

────────────────────────────────────────────────────────────
Init: ImageNet
────────────────────────────────────────────────────────────

  Disease                                       all-shot AUC      1-shot AUC      5-shot AUC     10-shot AUC     20-shot AUC     50-shot AUC
  bronchiectasis                              0.569±0.094        0.570±0.123        0.487±0.157        0.532±0.165        0.556±0.101        0.515±0.090      
  calcified granuloma                         0.500±0.054        0.520±0.033        0.475±0.066        0.470±0.065        0.511±0.057        0.526±0.075      
  callus rib fracture                         0.571±0.049        0.475±0.068        0.473±0.079        0.511±0.084        0.514±0.083        0.548±0.061      
  consolidation                               0.592±0.139        0.506±0.117        0.516±0.082        0.506±0.093        0.590±0.160        0.594±0.160      
  fibrotic band                               0.568±0.095        0.512±0.114        0.540±0.080        0.498±0.078        0.584±0.112        0.570±0.147      
  granuloma                                   0.720±0.087        0.553±0.120        0.562±0.134        0.615±0.141        0.688±0.088        0.701±0.072      
  hemidiaphragm elevation                     0.812±0.061        0.573±0.100        0.685±0.096        0.689±0.100        0.748±0.055        0.801±0.061      
  hiatal hernia                               0.904±0.039        0.591±0.233        0.809±0.111        0.798±0.073        0.839±0.050        0.863±0.031      
  interstitial pattern                        0.743±0.063        0.494±0.083        0.554±0.138        0.542±0.110        0.592±0.111        0.669±0.057      
  pulmonary fibrosis                          0.944±0.149        0.713±0.175        0.738±0.248        0.950±0.078        0.981±0.040        0.919±0.093      
  pulmonary mass                              0.645±0.121        0.502±0.095        0.532±0.072        0.549±0.099        0.574±0.129        0.593±0.105      
  reticular interstitial pattern              0.527±0.114        0.516±0.164        0.562±0.103        0.517±0.166        0.539±0.123        0.619±0.081      
  rib fracture                                0.400±0.107        0.494±0.138        0.531±0.178        0.553±0.145        0.489±0.091        0.494±0.111      

────────────────────────────────────────────────────────────
Init: Random init
────────────────────────────────────────────────────────────

  Disease                                       all-shot AUC      1-shot AUC      5-shot AUC     10-shot AUC     20-shot AUC     50-shot AUC
  bronchiectasis                              0.494±0.058        0.469±0.138        0.512±0.100        0.533±0.135        0.501±0.099        0.490±0.099      
  calcified granuloma                         0.536±0.027        0.478±0.054        0.528±0.042        0.536±0.053        0.519±0.061        0.534±0.026      
  callus rib fracture                         0.535±0.079        0.495±0.095        0.505±0.067        0.544±0.060        0.480±0.093        0.537±0.128      
  consolidation                               0.590±0.080        0.492±0.119        0.498±0.096        0.563±0.067        0.484±0.076        0.524±0.075      
  fibrotic band                               0.593±0.093        0.448±0.135        0.502±0.109        0.518±0.108        0.558±0.103        0.537±0.150      
  granuloma                                   0.631±0.118        0.443±0.124        0.488±0.155        0.557±0.170        0.533±0.116        0.510±0.158      
  hemidiaphragm elevation                     0.711±0.047        0.507±0.082        0.595±0.070        0.611±0.053        0.615±0.084        0.669±0.064      
  hiatal hernia                               0.717±0.057        0.512±0.118        0.595±0.094        0.643±0.063        0.632±0.079        0.687±0.059      
  interstitial pattern                        0.491±0.043        0.439±0.094        0.539±0.108        0.480±0.089        0.460±0.076        0.471±0.065      
  pulmonary fibrosis                          0.594±0.180        0.419±0.207        0.631±0.200        0.562±0.125        0.656±0.273        0.562±0.097      
  pulmonary mass                              0.526±0.099        0.407±0.114        0.531±0.100        0.518±0.094        0.508±0.102        0.536±0.087      
  reticular interstitial pattern              0.494±0.099        0.436±0.116        0.542±0.120        0.567±0.146        0.542±0.114        0.450±0.093      
  rib fracture                                0.642±0.146        0.469±0.197        0.611±0.173        0.592±0.125        0.711±0.114        0.658±0.148      

Significance tests — probe (paired t-test on AUC, 10 trials)
  all-shot  SSL vs ImageNet       : t=+2.37  p=0.036  *
    1-shot  SSL vs ImageNet       : t=+1.06  p=0.312  ns
    5-shot  SSL vs ImageNet       : t=+3.95  p=0.002  **
   10-shot  SSL vs ImageNet       : t=+3.08  p=0.010  **
   20-shot  SSL vs ImageNet       : t=+2.68  p=0.020  *
   50-shot  SSL vs ImageNet       : t=+2.49  p=0.028  *
  all-shot  SSL vs Random init    : t=+4.42  p=0.001  **
    1-shot  SSL vs Random init    : t=+2.98  p=0.011  *
    5-shot  SSL vs Random init    : t=+3.23  p=0.007  **
   10-shot  SSL vs Random init    : t=+2.57  p=0.025  *
   20-shot  SSL vs Random init    : t=+5.71  p=0.000  **
   50-shot  SSL vs Random init    : t=+4.66  p=0.001  **

Saved plot to moco_ep699_probe_binary.png
