Loading checkpoint from outputs/barlow/best.pt...
  Method: barlow  epoch: 191  device: cuda
Loading PadChest rare disease splits...
  Images on disk: 58337
  Found 77 unique labels across 1164 patients
  Label counts (train / val):
    abnormal foreign body                     train=   4  val=   0
    adenopathy                                train=   8  val=   1
    air bronchogram                           train=   0  val=   1
    alveolar pattern                          train=  14  val=   7
    atypical pneumonia                        train=   2  val=   2
    azygoesophageal recess shift              train=   1  val=   0
    bone metastasis                           train=   3  val=   0
    bronchiectasis                            train=  40  val=  10
    bullas                                    train=   1  val=   0
    calcified adenopathy                      train=  13  val=   4
    calcified fibroadenoma                    train=   0  val=   1
    calcified granuloma                       train=  96  val=  27
    calcified mediastinal adenopathy          train=   1  val=   0
    calcified pleural plaques                 train=   2  val=   0
    calcified pleural thickening              train=   7  val=   1
    callus rib fracture                       train=  88  val=  21
    catheter                                  train=   0  val=   1
    cavitation                                train=   4  val=   1
    central vascular redistribution           train=   1  val=   2
    cervical rib                              train=  12  val=   0
    clavicle fracture                         train=  15  val=   3
    consolidation                             train=  27  val=   7
    costochondral junction hypertrophy        train=   6  val=   1
    cyst                                      train=   1  val=   0
    dextrocardia                              train=   1  val=   0
    double j stent                            train=   2  val=   0
    external foreign body                     train=   1  val=   0
    fibrotic band                             train=  38  val=  11
    flattened diaphragm                       train=   1  val=   1
    goiter                                    train=  15  val=   5
    granuloma                                 train=  28  val=  10
    ground glass pattern                      train=   7  val=   0
    gynecomastia                              train=  10  val=   2
    heart insufficiency                       train=  13  val=   1
    hemidiaphragm elevation                   train=  81  val=  23
    hiatal hernia                             train=  81  val=  20
    hilar congestion                          train=   2  val=   1
    humeral fracture                          train=   0  val=   2
    hydropneumothorax                         train=   1  val=   0
    hypoexpansion basal                       train=   5  val=   2
    interstitial pattern                      train=  93  val=  18
    lobar atelectasis                         train=   3  val=   1
    major fissure thickening                  train=   1  val=   0
    mediastinal enlargement                   train=   8  val=   1
    mediastinal mass                          train=   4  val=   0
    mediastinic lipomatosis                   train=  18  val=   4
    miliary opacities                         train=   4  val=   4
    minor fissure thickening                  train=   7  val=   0
    multiple nodules                          train=   1  val=   1
    obesity                                   train=   1  val=   0
    osteopenia                                train=   1  val=   1
    pectum carinatum                          train=   7  val=   2
    pleural plaques                           train=   1  val=   0
    pleural thickening                        train=  11  val=   0
    pneumoperitoneo                           train=   1  val=   0
    pneumothorax                              train=  10  val=   7
    prosthesis                                train=   1  val=   0
    pulmonary artery enlargement              train=   9  val=   1
    pulmonary edema                           train=  12  val=   2
    pulmonary fibrosis                        train=  24  val=   4
    pulmonary hypertension                    train=   1  val=   0
    pulmonary mass                            train=  30  val=  11
    respiratory distress                      train=   2  val=   1
    reticular interstitial pattern            train=  32  val=   8
    reticulonodular interstitial pattern      train=   9  val=   0
    rib fracture                              train=  24  val=   6
    segmental atelectasis                     train=   1  val=   0
    soft tissue mass                          train=   2  val=   1
    subacromial space narrowing               train=   0  val=   1
    subcutaneous emphysema                    train=   3  val=   0
    superior mediastinal enlargement          train=   6  val=   4
    thoracic cage deformation                 train=  12  val=   2
    tracheal shift                            train=   6  val=   1
    tuberculosis                              train=   7  val=   1
    tuberculosis sequelae                     train=   6  val=   1
    vascular redistribution                   train=   1  val=   0
    vertebral fracture                        train=   1  val=   1
Rare disease classes (13): ['bronchiectasis', 'calcified granuloma', 'callus rib fracture', 'consolidation', 'fibrotic band', 'granuloma', 'hemidiaphragm elevation', 'hiatal hernia', 'interstitial pattern', 'pulmonary fibrosis', 'pulmonary mass', 'reticular interstitial pattern', 'rib fracture']
Loading negative pool...
  Negative pool: 5000 train  2000 val

────────────────────────────────────────────────────────────
Init: SSL pretrained
────────────────────────────────────────────────────────────

  Disease                                       all-shot AUC      1-shot AUC      5-shot AUC     10-shot AUC     20-shot AUC     50-shot AUC
  bronchiectasis                              0.637±0.081        0.516±0.141        0.605±0.171        0.616±0.179        0.651±0.099        0.671±0.102      
  calcified granuloma                         0.529±0.071        0.512±0.052        0.513±0.041        0.501±0.061        0.510±0.067        0.510±0.081      
  callus rib fracture                         0.576±0.054        0.498±0.056        0.550±0.062        0.535±0.046        0.558±0.067        0.537±0.067      
  consolidation                               0.829±0.113        0.537±0.170        0.602±0.114        0.633±0.133        0.673±0.163        0.835±0.148      
  fibrotic band                               0.584±0.106        0.533±0.115        0.579±0.110        0.503±0.110        0.584±0.085        0.571±0.058      
  granuloma                                   0.635±0.132        0.520±0.090        0.572±0.141        0.625±0.138        0.655±0.078        0.640±0.097      
  hemidiaphragm elevation                     0.836±0.044        0.621±0.091        0.730±0.115        0.754±0.078        0.770±0.051        0.795±0.048      
  hiatal hernia                               0.890±0.042        0.711±0.181        0.843±0.072        0.788±0.055        0.863±0.041        0.882±0.050      
  interstitial pattern                        0.762±0.053        0.495±0.104        0.605±0.128        0.580±0.121        0.618±0.073        0.688±0.091      
  pulmonary fibrosis                          0.950±0.078        0.775±0.246        0.825±0.183        0.988±0.025        0.988±0.025        0.975±0.041      
  pulmonary mass                              0.809±0.070        0.493±0.120        0.650±0.135        0.738±0.082        0.775±0.066        0.820±0.087      
  reticular interstitial pattern              0.784±0.113        0.480±0.104        0.578±0.133        0.656±0.103        0.734±0.158        0.838±0.073      
  rib fracture                                0.647±0.071        0.464±0.142        0.664±0.079        0.678±0.081        0.731±0.076        0.728±0.114      

────────────────────────────────────────────────────────────
Init: ImageNet
────────────────────────────────────────────────────────────

  Disease                                       all-shot AUC      1-shot AUC      5-shot AUC     10-shot AUC     20-shot AUC     50-shot AUC
  bronchiectasis                              0.569±0.094        0.570±0.123        0.487±0.157        0.532±0.165        0.556±0.101        0.515±0.090      
  calcified granuloma                         0.500±0.054        0.520±0.033        0.475±0.066        0.470±0.065        0.511±0.057        0.526±0.075      
  callus rib fracture                         0.571±0.049        0.475±0.068        0.473±0.079        0.511±0.084        0.514±0.083        0.548±0.061      
  consolidation                               0.592±0.139        0.506±0.117        0.516±0.082        0.506±0.093        0.590±0.160        0.594±0.160      
  fibrotic band                               0.568±0.095        0.512±0.114        0.540±0.080        0.498±0.078        0.584±0.112        0.570±0.147      
  granuloma                                   0.720±0.087        0.553±0.120        0.562±0.134        0.615±0.141        0.688±0.088        0.701±0.072      
  hemidiaphragm elevation                     0.812±0.061        0.573±0.100        0.685±0.096        0.689±0.100        0.748±0.055        0.801±0.061      
  hiatal hernia                               0.904±0.039        0.591±0.233        0.809±0.111        0.798±0.073        0.839±0.050        0.863±0.031      
  interstitial pattern                        0.743±0.063        0.494±0.083        0.554±0.138        0.542±0.110        0.592±0.111        0.669±0.057      
  pulmonary fibrosis                          0.944±0.149        0.713±0.175        0.738±0.248        0.950±0.078        0.981±0.040        0.919±0.093      
  pulmonary mass                              0.645±0.121        0.502±0.095        0.532±0.072        0.549±0.099        0.574±0.129        0.593±0.105      
  reticular interstitial pattern              0.527±0.114        0.516±0.164        0.562±0.103        0.517±0.166        0.539±0.123        0.619±0.081      
  rib fracture                                0.400±0.107        0.494±0.138        0.531±0.178        0.553±0.145        0.489±0.091        0.494±0.111      

────────────────────────────────────────────────────────────
Init: Random init
────────────────────────────────────────────────────────────

  Disease                                       all-shot AUC      1-shot AUC      5-shot AUC     10-shot AUC     20-shot AUC     50-shot AUC
  bronchiectasis                              0.520±0.083        0.490±0.115        0.541±0.102        0.574±0.117        0.534±0.072        0.524±0.125      
  calcified granuloma                         0.530±0.034        0.481±0.044        0.533±0.040        0.527±0.038        0.508±0.067        0.522±0.031      
  callus rib fracture                         0.479±0.066        0.487±0.081        0.485±0.098        0.493±0.041        0.480±0.082        0.482±0.078      
  consolidation                               0.618±0.064        0.545±0.122        0.555±0.098        0.645±0.074        0.492±0.091        0.527±0.084      
  fibrotic band                               0.531±0.077        0.483±0.136        0.490±0.116        0.507±0.103        0.509±0.092        0.551±0.157      
  granuloma                                   0.704±0.120        0.441±0.085        0.562±0.077        0.559±0.138        0.592±0.089        0.559±0.163      
  hemidiaphragm elevation                     0.728±0.037        0.544±0.094        0.618±0.074        0.628±0.054        0.635±0.088        0.697±0.051      
  hiatal hernia                               0.743±0.040        0.542±0.107        0.599±0.116        0.634±0.068        0.618±0.076        0.702±0.061      
  interstitial pattern                        0.578±0.027        0.479±0.068        0.551±0.086        0.505±0.081        0.510±0.074        0.520±0.071      
  pulmonary fibrosis                          0.656±0.196        0.444±0.195        0.637±0.201        0.569±0.164        0.700±0.248        0.694±0.146      
  pulmonary mass                              0.486±0.076        0.453±0.079        0.510±0.120        0.479±0.076        0.500±0.097        0.509±0.074      
  reticular interstitial pattern              0.559±0.103        0.487±0.107        0.564±0.162        0.580±0.117        0.577±0.099        0.512±0.098      
  rib fracture                                0.642±0.134        0.489±0.238        0.611±0.216        0.614±0.159        0.744±0.098        0.639±0.136      

Significance tests — probe (paired t-test on AUC, 10 trials)
  all-shot  SSL vs ImageNet       : t=+2.41  p=0.033  *
    1-shot  SSL vs ImageNet       : t=+0.79  p=0.442  ns
    5-shot  SSL vs ImageNet       : t=+5.83  p=0.000  **
   10-shot  SSL vs ImageNet       : t=+3.91  p=0.002  **
   20-shot  SSL vs ImageNet       : t=+2.82  p=0.015  *
   50-shot  SSL vs ImageNet       : t=+2.62  p=0.022  *
  all-shot  SSL vs Random init    : t=+4.04  p=0.002  **
    1-shot  SSL vs Random init    : t=+2.29  p=0.041  *
    5-shot  SSL vs Random init    : t=+3.98  p=0.002  **
   10-shot  SSL vs Random init    : t=+2.90  p=0.013  *
   20-shot  SSL vs Random init    : t=+4.95  p=0.000  **
   50-shot  SSL vs Random init    : t=+4.89  p=0.000  **

Saved plot to barlow_ep191_probe_binary.png
